
*** Running vivado
    with args -log dist_mem_gen_0.vds -m64 -product Vivado -mode batch -messageDb vivado.pb -notrace -source dist_mem_gen_0.tcl


****** Vivado v2024.2 (64-bit)
  **** SW Build 5239630 on Fri Nov 08 22:34:34 MST 2024
  **** IP Build 5239520 on Sun Nov 10 16:12:51 MST 2024
  **** SharedData Build 5239561 on Fri Nov 08 14:39:27 MST 2024
  **** Start of session at: Sun May 25 12:52:46 2025
    ** Copyright 1986-2022 Xilinx, Inc. All Rights Reserved.
    ** Copyright 2022-2024 Advanced Micro Devices, Inc. All Rights Reserved.

source dist_mem_gen_0.tcl -notrace
INFO: [IP_Flow 19-6924] IPCACHE: Running cache check for IP inst: dist_mem_gen_0
Command: synth_design -top dist_mem_gen_0 -part xc7z020clg484-1 -incremental_mode off -mode out_of_context
Starting synth_design
Attempting to get a license for feature 'Synthesis' and/or device 'xc7z020'
INFO: [Common 17-349] Got license for feature 'Synthesis' and/or device 'xc7z020'
INFO: [Device 21-403] Loading part xc7z020clg484-1
INFO: [Synth 8-7079] Multithreading enabled for synth_design using a maximum of 7 processes.
INFO: [Synth 8-7078] Launching helper process for spawning children vivado processes
INFO: [Synth 8-7075] Helper process launched with PID 7998
---------------------------------------------------------------------------------
Starting RTL Elaboration : Time (s): cpu = 00:00:03 ; elapsed = 00:00:03 . Memory (MB): peak = 1965.848 ; gain = 420.734 ; free physical = 6469 ; free virtual = 14391
---------------------------------------------------------------------------------
INFO: [Synth 8-638] synthesizing module 'dist_mem_gen_0' [/home/benni/dev/echessboard/echessboard_vivado/echessboar_vivado.gen/sources_1/ip/dist_mem_gen_0/synth/dist_mem_gen_0.vhd:71]
	Parameter C_FAMILY bound to: zynq - type: string 
	Parameter C_ADDR_WIDTH bound to: 5 - type: integer 
	Parameter C_DEFAULT_DATA bound to: 0 - type: string 
	Parameter C_DEPTH bound to: 32 - type: integer 
	Parameter C_HAS_CLK bound to: 1 - type: integer 
	Parameter C_HAS_D bound to: 1 - type: integer 
	Parameter C_HAS_DPO bound to: 1 - type: integer 
	Parameter C_HAS_DPRA bound to: 1 - type: integer 
	Parameter C_HAS_I_CE bound to: 0 - type: integer 
	Parameter C_HAS_QDPO bound to: 0 - type: integer 
	Parameter C_HAS_QDPO_CE bound to: 0 - type: integer 
	Parameter C_HAS_QDPO_CLK bound to: 0 - type: integer 
	Parameter C_HAS_QDPO_RST bound to: 0 - type: integer 
	Parameter C_HAS_QDPO_SRST bound to: 0 - type: integer 
	Parameter C_HAS_QSPO bound to: 0 - type: integer 
	Parameter C_HAS_QSPO_CE bound to: 0 - type: integer 
	Parameter C_HAS_QSPO_RST bound to: 0 - type: integer 
	Parameter C_HAS_QSPO_SRST bound to: 0 - type: integer 
	Parameter C_HAS_SPO bound to: 1 - type: integer 
	Parameter C_HAS_WE bound to: 1 - type: integer 
	Parameter C_MEM_INIT_FILE bound to: no_coe_file_loaded - type: string 
	Parameter C_ELABORATION_DIR bound to: ./ - type: string 
	Parameter C_MEM_TYPE bound to: 2 - type: integer 
	Parameter C_PIPELINE_STAGES bound to: 0 - type: integer 
	Parameter C_QCE_JOINED bound to: 0 - type: integer 
	Parameter C_QUALIFY_WE bound to: 0 - type: integer 
	Parameter C_READ_MIF bound to: 0 - type: integer 
	Parameter C_REG_A_D_INPUTS bound to: 0 - type: integer 
	Parameter C_REG_DPRA_INPUT bound to: 0 - type: integer 
	Parameter C_SYNC_ENABLE bound to: 1 - type: integer 
	Parameter C_WIDTH bound to: 32 - type: integer 
	Parameter C_PARSER_TYPE bound to: 1 - type: integer 
INFO: [Synth 8-3491] module 'dist_mem_gen_v8_0_15' declared at '/home/benni/dev/echessboard/echessboard_vivado/echessboar_vivado.gen/sources_1/ip/dist_mem_gen_0/hdl/dist_mem_gen_v8_0_vhsyn_rfs.vhd:3191' bound to instance 'U0' of component 'dist_mem_gen_v8_0_15' [/home/benni/dev/echessboard/echessboard_vivado/echessboar_vivado.gen/sources_1/ip/dist_mem_gen_0/synth/dist_mem_gen_0.vhd:137]
INFO: [Synth 8-256] done synthesizing module 'dist_mem_gen_0' (0#1) [/home/benni/dev/echessboard/echessboard_vivado/echessboar_vivado.gen/sources_1/ip/dist_mem_gen_0/synth/dist_mem_gen_0.vhd:71]
WARNING: [Synth 8-7129] Port qspo[31] in module dpram is either unconnected or has no load
WARNING: [Synth 8-7129] Port qspo[30] in module dpram is either unconnected or has no load
WARNING: [Synth 8-7129] Port qspo[29] in module dpram is either unconnected or has no load
WARNING: [Synth 8-7129] Port qspo[28] in module dpram is either unconnected or has no load
WARNING: [Synth 8-7129] Port qspo[27] in module dpram is either unconnected or has no load
WARNING: [Synth 8-7129] Port qspo[26] in module dpram is either unconnected or has no load
WARNING: [Synth 8-7129] Port qspo[25] in module dpram is either unconnected or has no load
WARNING: [Synth 8-7129] Port qspo[24] in module dpram is either unconnected or has no load
WARNING: [Synth 8-7129] Port qspo[23] in module dpram is either unconnected or has no load
WARNING: [Synth 8-7129] Port qspo[22] in module dpram is either unconnected or has no load
WARNING: [Synth 8-7129] Port qspo[21] in module dpram is either unconnected or has no load
WARNING: [Synth 8-7129] Port qspo[20] in module dpram is either unconnected or has no load
WARNING: [Synth 8-7129] Port qspo[19] in module dpram is either unconnected or has no load
WARNING: [Synth 8-7129] Port qspo[18] in module dpram is either unconnected or has no load
WARNING: [Synth 8-7129] Port qspo[17] in module dpram is either unconnected or has no load
WARNING: [Synth 8-7129] Port qspo[16] in module dpram is either unconnected or has no load
WARNING: [Synth 8-7129] Port qspo[15] in module dpram is either unconnected or has no load
WARNING: [Synth 8-7129] Port qspo[14] in module dpram is either unconnected or has no load
WARNING: [Synth 8-7129] Port qspo[13] in module dpram is either unconnected or has no load
WARNING: [Synth 8-7129] Port qspo[12] in module dpram is either unconnected or has no load
WARNING: [Synth 8-7129] Port qspo[11] in module dpram is either unconnected or has no load
WARNING: [Synth 8-7129] Port qspo[10] in module dpram is either unconnected or has no load
WARNING: [Synth 8-7129] Port qspo[9] in module dpram is either unconnected or has no load
WARNING: [Synth 8-7129] Port qspo[8] in module dpram is either unconnected or has no load
WARNING: [Synth 8-7129] Port qspo[7] in module dpram is either unconnected or has no load
WARNING: [Synth 8-7129] Port qspo[6] in module dpram is either unconnected or has no load
WARNING: [Synth 8-7129] Port qspo[5] in module dpram is either unconnected or has no load
WARNING: [Synth 8-7129] Port qspo[4] in module dpram is either unconnected or has no load
WARNING: [Synth 8-7129] Port qspo[3] in module dpram is either unconnected or has no load
WARNING: [Synth 8-7129] Port qspo[2] in module dpram is either unconnected or has no load
WARNING: [Synth 8-7129] Port qspo[1] in module dpram is either unconnected or has no load
WARNING: [Synth 8-7129] Port qspo[0] in module dpram is either unconnected or has no load
WARNING: [Synth 8-7129] Port qdpo[31] in module dpram is either unconnected or has no load
WARNING: [Synth 8-7129] Port qdpo[30] in module dpram is either unconnected or has no load
WARNING: [Synth 8-7129] Port qdpo[29] in module dpram is either unconnected or has no load
WARNING: [Synth 8-7129] Port qdpo[28] in module dpram is either unconnected or has no load
WARNING: [Synth 8-7129] Port qdpo[27] in module dpram is either unconnected or has no load
WARNING: [Synth 8-7129] Port qdpo[26] in module dpram is either unconnected or has no load
WARNING: [Synth 8-7129] Port qdpo[25] in module dpram is either unconnected or has no load
WARNING: [Synth 8-7129] Port qdpo[24] in module dpram is either unconnected or has no load
WARNING: [Synth 8-7129] Port qdpo[23] in module dpram is either unconnected or has no load
WARNING: [Synth 8-7129] Port qdpo[22] in module dpram is either unconnected or has no load
WARNING: [Synth 8-7129] Port qdpo[21] in module dpram is either unconnected or has no load
WARNING: [Synth 8-7129] Port qdpo[20] in module dpram is either unconnected or has no load
WARNING: [Synth 8-7129] Port qdpo[19] in module dpram is either unconnected or has no load
WARNING: [Synth 8-7129] Port qdpo[18] in module dpram is either unconnected or has no load
WARNING: [Synth 8-7129] Port qdpo[17] in module dpram is either unconnected or has no load
WARNING: [Synth 8-7129] Port qdpo[16] in module dpram is either unconnected or has no load
WARNING: [Synth 8-7129] Port qdpo[15] in module dpram is either unconnected or has no load
WARNING: [Synth 8-7129] Port qdpo[14] in module dpram is either unconnected or has no load
WARNING: [Synth 8-7129] Port qdpo[13] in module dpram is either unconnected or has no load
WARNING: [Synth 8-7129] Port qdpo[12] in module dpram is either unconnected or has no load
WARNING: [Synth 8-7129] Port qdpo[11] in module dpram is either unconnected or has no load
WARNING: [Synth 8-7129] Port qdpo[10] in module dpram is either unconnected or has no load
WARNING: [Synth 8-7129] Port qdpo[9] in module dpram is either unconnected or has no load
WARNING: [Synth 8-7129] Port qdpo[8] in module dpram is either unconnected or has no load
WARNING: [Synth 8-7129] Port qdpo[7] in module dpram is either unconnected or has no load
WARNING: [Synth 8-7129] Port qdpo[6] in module dpram is either unconnected or has no load
WARNING: [Synth 8-7129] Port qdpo[5] in module dpram is either unconnected or has no load
WARNING: [Synth 8-7129] Port qdpo[4] in module dpram is either unconnected or has no load
WARNING: [Synth 8-7129] Port qdpo[3] in module dpram is either unconnected or has no load
WARNING: [Synth 8-7129] Port qdpo[2] in module dpram is either unconnected or has no load
WARNING: [Synth 8-7129] Port qdpo[1] in module dpram is either unconnected or has no load
WARNING: [Synth 8-7129] Port qdpo[0] in module dpram is either unconnected or has no load
WARNING: [Synth 8-7129] Port i_ce in module dpram is either unconnected or has no load
WARNING: [Synth 8-7129] Port qspo_ce in module dpram is either unconnected or has no load
WARNING: [Synth 8-7129] Port qspo_rst in module dpram is either unconnected or has no load
WARNING: [Synth 8-7129] Port qspo_srst in module dpram is either unconnected or has no load
WARNING: [Synth 8-7129] Port qdpo_clk in module dpram is either unconnected or has no load
WARNING: [Synth 8-7129] Port qdpo_ce in module dpram is either unconnected or has no load
WARNING: [Synth 8-7129] Port qdpo_rst in module dpram is either unconnected or has no load
WARNING: [Synth 8-7129] Port qdpo_srst in module dpram is either unconnected or has no load
WARNING: [Synth 8-7129] Port i_ce in module dist_mem_gen_v8_0_15 is either unconnected or has no load
WARNING: [Synth 8-7129] Port qspo_ce in module dist_mem_gen_v8_0_15 is either unconnected or has no load
WARNING: [Synth 8-7129] Port qdpo_ce in module dist_mem_gen_v8_0_15 is either unconnected or has no load
WARNING: [Synth 8-7129] Port qdpo_clk in module dist_mem_gen_v8_0_15 is either unconnected or has no load
WARNING: [Synth 8-7129] Port qspo_rst in module dist_mem_gen_v8_0_15 is either unconnected or has no load
WARNING: [Synth 8-7129] Port qdpo_rst in module dist_mem_gen_v8_0_15 is either unconnected or has no load
WARNING: [Synth 8-7129] Port qspo_srst in module dist_mem_gen_v8_0_15 is either unconnected or has no load
WARNING: [Synth 8-7129] Port qdpo_srst in module dist_mem_gen_v8_0_15 is either unconnected or has no load
---------------------------------------------------------------------------------
Finished RTL Elaboration : Time (s): cpu = 00:00:03 ; elapsed = 00:00:04 . Memory (MB): peak = 2037.816 ; gain = 492.703 ; free physical = 6393 ; free virtual = 14317
---------------------------------------------------------------------------------
---------------------------------------------------------------------------------
Start Handling Custom Attributes
---------------------------------------------------------------------------------
---------------------------------------------------------------------------------
Finished Handling Custom Attributes : Time (s): cpu = 00:00:03 ; elapsed = 00:00:04 . Memory (MB): peak = 2052.660 ; gain = 507.547 ; free physical = 6385 ; free virtual = 14309
---------------------------------------------------------------------------------
---------------------------------------------------------------------------------
Finished RTL Optimization Phase 1 : Time (s): cpu = 00:00:03 ; elapsed = 00:00:04 . Memory (MB): peak = 2052.660 ; gain = 507.547 ; free physical = 6385 ; free virtual = 14309
---------------------------------------------------------------------------------
Netlist sorting complete. Time (s): cpu = 00:00:00 ; elapsed = 00:00:00.01 . Memory (MB): peak = 2052.660 ; gain = 0.000 ; free physical = 6385 ; free virtual = 14309
INFO: [Project 1-570] Preparing netlist for logic optimization

Processing XDC Constraints
Initializing timing engine
Parsing XDC File [/home/benni/dev/echessboard/echessboard_vivado/echessboar_vivado.gen/sources_1/ip/dist_mem_gen_0/dist_mem_gen_0_ooc.xdc] for cell 'U0'
Finished Parsing XDC File [/home/benni/dev/echessboard/echessboard_vivado/echessboar_vivado.gen/sources_1/ip/dist_mem_gen_0/dist_mem_gen_0_ooc.xdc] for cell 'U0'
Parsing XDC File [/home/benni/dev/echessboard/echessboard_vivado/echessboar_vivado.runs/dist_mem_gen_0_synth_1/dont_touch.xdc]
Finished Parsing XDC File [/home/benni/dev/echessboard/echessboard_vivado/echessboar_vivado.runs/dist_mem_gen_0_synth_1/dont_touch.xdc]
Completed Processing XDC Constraints

Netlist sorting complete. Time (s): cpu = 00:00:00 ; elapsed = 00:00:00 . Memory (MB): peak = 2171.410 ; gain = 0.000 ; free physical = 6315 ; free virtual = 14252
INFO: [Project 1-111] Unisim Transformation Summary:
No Unisim elements were transformed.

Constraint Validation Runtime : Time (s): cpu = 00:00:00.01 ; elapsed = 00:00:00.01 . Memory (MB): peak = 2171.410 ; gain = 0.000 ; free physical = 6315 ; free virtual = 14253
INFO: [Designutils 20-5008] Incremental synthesis strategy off
---------------------------------------------------------------------------------
Finished Constraint Validation : Time (s): cpu = 00:00:08 ; elapsed = 00:00:08 . Memory (MB): peak = 2171.410 ; gain = 626.297 ; free physical = 6326 ; free virtual = 14265
---------------------------------------------------------------------------------
---------------------------------------------------------------------------------
Start Loading Part and Timing Information
---------------------------------------------------------------------------------
Loading part: xc7z020clg484-1
---------------------------------------------------------------------------------
Finished Loading Part and Timing Information : Time (s): cpu = 00:00:08 ; elapsed = 00:00:08 . Memory (MB): peak = 2179.414 ; gain = 634.301 ; free physical = 6326 ; free virtual = 14265
---------------------------------------------------------------------------------
---------------------------------------------------------------------------------
Start Applying 'set_property' XDC Constraints
---------------------------------------------------------------------------------
Applied set_property KEEP_HIERARCHY = SOFT for U0. (constraint file  /home/benni/dev/echessboard/echessboard_vivado/echessboar_vivado.runs/dist_mem_gen_0_synth_1/dont_touch.xdc, line 9).
---------------------------------------------------------------------------------
Finished applying 'set_property' XDC Constraints : Time (s): cpu = 00:00:08 ; elapsed = 00:00:08 . Memory (MB): peak = 2179.414 ; gain = 634.301 ; free physical = 6326 ; free virtual = 14265
---------------------------------------------------------------------------------
---------------------------------------------------------------------------------
Finished RTL Optimization Phase 2 : Time (s): cpu = 00:00:08 ; elapsed = 00:00:08 . Memory (MB): peak = 2179.414 ; gain = 634.301 ; free physical = 6325 ; free virtual = 14264
---------------------------------------------------------------------------------
---------------------------------------------------------------------------------
Start RTL Component Statistics 
---------------------------------------------------------------------------------
Detailed RTL Component Info : 
+---Registers : 
	               32 Bit    Registers := 2     
---------------------------------------------------------------------------------
Finished RTL Component Statistics 
---------------------------------------------------------------------------------
---------------------------------------------------------------------------------
Start Part Resource Summary
---------------------------------------------------------------------------------
Part Resources:
DSPs: 220 (col length:60)
BRAMs: 280 (col length: RAMB18 60 RAMB36 30)
---------------------------------------------------------------------------------
Finished Part Resource Summary
---------------------------------------------------------------------------------
---------------------------------------------------------------------------------
Start Cross Boundary and Area Optimization
---------------------------------------------------------------------------------
WARNING: [Synth 8-7080] Parallel synthesis criteria is not met
WARNING: [Synth 8-7129] Port qspo[31] in module dist_mem_gen_v8_0_15 is either unconnected or has no load
WARNING: [Synth 8-7129] Port qspo[30] in module dist_mem_gen_v8_0_15 is either unconnected or has no load
WARNING: [Synth 8-7129] Port qspo[29] in module dist_mem_gen_v8_0_15 is either unconnected or has no load
WARNING: [Synth 8-7129] Port qspo[28] in module dist_mem_gen_v8_0_15 is either unconnected or has no load
WARNING: [Synth 8-7129] Port qspo[27] in module dist_mem_gen_v8_0_15 is either unconnected or has no load
WARNING: [Synth 8-7129] Port qspo[26] in module dist_mem_gen_v8_0_15 is either unconnected or has no load
WARNING: [Synth 8-7129] Port qspo[25] in module dist_mem_gen_v8_0_15 is either unconnected or has no load
WARNING: [Synth 8-7129] Port qspo[24] in module dist_mem_gen_v8_0_15 is either unconnected or has no load
WARNING: [Synth 8-7129] Port qspo[23] in module dist_mem_gen_v8_0_15 is either unconnected or has no load
WARNING: [Synth 8-7129] Port qspo[22] in module dist_mem_gen_v8_0_15 is either unconnected or has no load
WARNING: [Synth 8-7129] Port qspo[21] in module dist_mem_gen_v8_0_15 is either unconnected or has no load
WARNING: [Synth 8-7129] Port qspo[20] in module dist_mem_gen_v8_0_15 is either unconnected or has no load
WARNING: [Synth 8-7129] Port qspo[19] in module dist_mem_gen_v8_0_15 is either unconnected or has no load
WARNING: [Synth 8-7129] Port qspo[18] in module dist_mem_gen_v8_0_15 is either unconnected or has no load
WARNING: [Synth 8-7129] Port qspo[17] in module dist_mem_gen_v8_0_15 is either unconnected or has no load
WARNING: [Synth 8-7129] Port qspo[16] in module dist_mem_gen_v8_0_15 is either unconnected or has no load
WARNING: [Synth 8-7129] Port qspo[15] in module dist_mem_gen_v8_0_15 is either unconnected or has no load
WARNING: [Synth 8-7129] Port qspo[14] in module dist_mem_gen_v8_0_15 is either unconnected or has no load
WARNING: [Synth 8-7129] Port qspo[13] in module dist_mem_gen_v8_0_15 is either unconnected or has no load
WARNING: [Synth 8-7129] Port qspo[12] in module dist_mem_gen_v8_0_15 is either unconnected or has no load
INFO: [Common 17-14] Message 'Synth 8-7129' appears 100 times and further instances of the messages will be disabled. Use the Tcl command set_msg_config to change the current settings.
---------------------------------------------------------------------------------
Finished Cross Boundary and Area Optimization : Time (s): cpu = 00:00:08 ; elapsed = 00:00:09 . Memory (MB): peak = 2179.414 ; gain = 634.301 ; free physical = 6328 ; free virtual = 14268
---------------------------------------------------------------------------------
---------------------------------------------------------------------------------
Start ROM, RAM, DSP, Shift Register and Retiming Reporting
---------------------------------------------------------------------------------

Distributed RAM: Preliminary Mapping Report (see note below)
+------------+-----------------------------------------------------------+-----------+----------------------+----------------+
|Module Name | RTL Object                                                | Inference | Size (Depth x Width) | Primitives     | 
+------------+-----------------------------------------------------------+-----------+----------------------+----------------+
|U0          | synth_options.dist_mem_inst/gen_dp_ram.dpram_inst/ram_reg | Implied   | 32 x 32              | RAM32X1D x 32  | 
+------------+-----------------------------------------------------------+-----------+----------------------+----------------+

Note: The table above is a preliminary report that shows the Distributed RAMs at the current stage of the synthesis flow. Some Distributed RAMs may be reimplemented as non Distributed RAM primitives later in the synthesis flow. Multiple instantiated RAMs are reported only once.
---------------------------------------------------------------------------------
Finished ROM, RAM, DSP, Shift Register and Retiming Reporting
---------------------------------------------------------------------------------
---------------------------------------------------------------------------------
Start Applying XDC Timing Constraints
---------------------------------------------------------------------------------
---------------------------------------------------------------------------------
Finished Applying XDC Timing Constraints : Time (s): cpu = 00:00:12 ; elapsed = 00:00:12 . Memory (MB): peak = 2229.414 ; gain = 684.301 ; free physical = 6296 ; free virtual = 14243
---------------------------------------------------------------------------------
---------------------------------------------------------------------------------
Start Timing Optimization
---------------------------------------------------------------------------------
---------------------------------------------------------------------------------
Finished Timing Optimization : Time (s): cpu = 00:00:12 ; elapsed = 00:00:12 . Memory (MB): peak = 2229.414 ; gain = 684.301 ; free physical = 6296 ; free virtual = 14243
---------------------------------------------------------------------------------
---------------------------------------------------------------------------------
Start ROM, RAM, DSP, Shift Register and Retiming Reporting
---------------------------------------------------------------------------------

Distributed RAM: Final Mapping Report
+------------+-----------------------------------------------------------+-----------+----------------------+----------------+
|Module Name | RTL Object                                                | Inference | Size (Depth x Width) | Primitives     | 
+------------+-----------------------------------------------------------+-----------+----------------------+----------------+
|U0          | synth_options.dist_mem_inst/gen_dp_ram.dpram_inst/ram_reg | Implied   | 32 x 32              | RAM32X1D x 32  | 
+------------+-----------------------------------------------------------+-----------+----------------------+----------------+

---------------------------------------------------------------------------------
Finished ROM, RAM, DSP, Shift Register and Retiming Reporting
---------------------------------------------------------------------------------
---------------------------------------------------------------------------------
Start Technology Mapping
---------------------------------------------------------------------------------
---------------------------------------------------------------------------------
Finished Technology Mapping : Time (s): cpu = 00:00:12 ; elapsed = 00:00:12 . Memory (MB): peak = 2239.430 ; gain = 694.316 ; free physical = 6288 ; free virtual = 14235
---------------------------------------------------------------------------------
---------------------------------------------------------------------------------
Start IO Insertion
---------------------------------------------------------------------------------
---------------------------------------------------------------------------------
Start Flattening Before IO Insertion
---------------------------------------------------------------------------------
---------------------------------------------------------------------------------
Finished Flattening Before IO Insertion
---------------------------------------------------------------------------------
---------------------------------------------------------------------------------
Start Final Netlist Cleanup
---------------------------------------------------------------------------------
---------------------------------------------------------------------------------
Finished Final Netlist Cleanup
---------------------------------------------------------------------------------
---------------------------------------------------------------------------------
Finished IO Insertion : Time (s): cpu = 00:00:14 ; elapsed = 00:00:14 . Memory (MB): peak = 2401.242 ; gain = 856.129 ; free physical = 6144 ; free virtual = 14092
---------------------------------------------------------------------------------
---------------------------------------------------------------------------------
Start Renaming Generated Instances
---------------------------------------------------------------------------------
---------------------------------------------------------------------------------
Finished Renaming Generated Instances : Time (s): cpu = 00:00:14 ; elapsed = 00:00:14 . Memory (MB): peak = 2401.242 ; gain = 856.129 ; free physical = 6143 ; free virtual = 14091
---------------------------------------------------------------------------------
---------------------------------------------------------------------------------
Start Rebuilding User Hierarchy
---------------------------------------------------------------------------------
---------------------------------------------------------------------------------
Finished Rebuilding User Hierarchy : Time (s): cpu = 00:00:14 ; elapsed = 00:00:14 . Memory (MB): peak = 2401.242 ; gain = 856.129 ; free physical = 6143 ; free virtual = 14091
---------------------------------------------------------------------------------
---------------------------------------------------------------------------------
Start Renaming Generated Ports
---------------------------------------------------------------------------------
---------------------------------------------------------------------------------
Finished Renaming Generated Ports : Time (s): cpu = 00:00:14 ; elapsed = 00:00:14 . Memory (MB): peak = 2401.242 ; gain = 856.129 ; free physical = 6143 ; free virtual = 14091
---------------------------------------------------------------------------------
---------------------------------------------------------------------------------
Start Handling Custom Attributes
---------------------------------------------------------------------------------
---------------------------------------------------------------------------------
Finished Handling Custom Attributes : Time (s): cpu = 00:00:14 ; elapsed = 00:00:14 . Memory (MB): peak = 2401.242 ; gain = 856.129 ; free physical = 6143 ; free virtual = 14091
---------------------------------------------------------------------------------
---------------------------------------------------------------------------------
Start Renaming Generated Nets
---------------------------------------------------------------------------------
---------------------------------------------------------------------------------
Finished Renaming Generated Nets : Time (s): cpu = 00:00:14 ; elapsed = 00:00:14 . Memory (MB): peak = 2401.242 ; gain = 856.129 ; free physical = 6143 ; free virtual = 14091
---------------------------------------------------------------------------------
---------------------------------------------------------------------------------
Start Writing Synthesis Report
---------------------------------------------------------------------------------

Report BlackBoxes: 
+-+--------------+----------+
| |BlackBox name |Instances |
+-+--------------+----------+
+-+--------------+----------+

Report Cell Usage: 
+------+---------+------+
|      |Cell     |Count |
+------+---------+------+
|1     |RAM32X1D |    32|
|2     |FDRE     |    64|
+------+---------+------+
---------------------------------------------------------------------------------
Finished Writing Synthesis Report : Time (s): cpu = 00:00:14 ; elapsed = 00:00:14 . Memory (MB): peak = 2401.242 ; gain = 856.129 ; free physical = 6143 ; free virtual = 14091
---------------------------------------------------------------------------------
Synthesis finished with 0 errors, 0 critical warnings and 73 warnings.
Synthesis Optimization Runtime : Time (s): cpu = 00:00:13 ; elapsed = 00:00:13 . Memory (MB): peak = 2401.242 ; gain = 737.379 ; free physical = 6147 ; free virtual = 14095
Synthesis Optimization Complete : Time (s): cpu = 00:00:14 ; elapsed = 00:00:15 . Memory (MB): peak = 2401.250 ; gain = 856.129 ; free physical = 6147 ; free virtual = 14095
INFO: [Project 1-571] Translating synthesized netlist
Netlist sorting complete. Time (s): cpu = 00:00:00 ; elapsed = 00:00:00 . Memory (MB): peak = 2401.250 ; gain = 0.000 ; free physical = 6315 ; free virtual = 14263
INFO: [Netlist 29-17] Analyzing 32 Unisim elements for replacement
INFO: [Netlist 29-28] Unisim Transformation completed in 0 CPU seconds
INFO: [Project 1-570] Preparing netlist for logic optimization
INFO: [Opt 31-138] Pushed 0 inverter(s) to 0 load pin(s).
Netlist sorting complete. Time (s): cpu = 00:00:00 ; elapsed = 00:00:00 . Memory (MB): peak = 2401.250 ; gain = 0.000 ; free physical = 6317 ; free virtual = 14265
INFO: [Project 1-111] Unisim Transformation Summary:
  A total of 32 instances were transformed.
  RAM32X1D => RAM32X1D (RAMD32(x2)): 32 instances

Synth Design complete | Checksum: 462e6e12
INFO: [Common 17-83] Releasing license: Synthesis
20 Infos, 101 Warnings, 0 Critical Warnings and 0 Errors encountered.
synth_design completed successfully
synth_design: Time (s): cpu = 00:00:19 ; elapsed = 00:00:18 . Memory (MB): peak = 2401.250 ; gain = 958.641 ; free physical = 6317 ; free virtual = 14265
INFO: [Common 17-2834] synth_design peak Physical Memory [PSS] (MB): overall = 1630.396; main = 1621.521; forked = 268.000
INFO: [Common 17-2834] synth_design peak Virtual Memory [VSS] (MB): overall = 3090.129; main = 2401.246; forked = 910.711
Write ShapeDB Complete: Time (s): cpu = 00:00:00 ; elapsed = 00:00:00 . Memory (MB): peak = 2425.254 ; gain = 0.000 ; free physical = 6317 ; free virtual = 14265
INFO: [Common 17-1381] The checkpoint '/home/benni/dev/echessboard/echessboard_vivado/echessboar_vivado.runs/dist_mem_gen_0_synth_1/dist_mem_gen_0.dcp' has been generated.
INFO: [Coretcl 2-1648] Added synthesis output to IP cache for IP dist_mem_gen_0, cache-ID = 851a5a0e33141124
INFO: [Coretcl 2-1174] Renamed 3 cell refs.
Write ShapeDB Complete: Time (s): cpu = 00:00:00 ; elapsed = 00:00:00 . Memory (MB): peak = 2481.281 ; gain = 0.000 ; free physical = 6318 ; free virtual = 14266
INFO: [Common 17-1381] The checkpoint '/home/benni/dev/echessboard/echessboard_vivado/echessboar_vivado.runs/dist_mem_gen_0_synth_1/dist_mem_gen_0.dcp' has been generated.
INFO: [Vivado 12-24828] Executing command : report_utilization -file dist_mem_gen_0_utilization_synth.rpt -pb dist_mem_gen_0_utilization_synth.pb
INFO: [Common 17-206] Exiting Vivado at Sun May 25 12:53:08 2025...
